<?xml version="1.0" encoding="UTF-8"?>
<!-- Generated by org.testng.reporters.JUnitXMLReporter -->
<testsuite ignored="0" hostname="DESKTOP-F4KG0T8" failures="0" tests="2" name="Test1" time="19.345" errors="0" timestamp="2024-07-03T23:46:58 IST">
  <testcase classname="automationCore.BasePage" name="@AfterMethod getResult" time="0.002">
    <failure type="java.lang.NullPointerException" message="Cannot invoke &amp;quot;com.aventstack.extentreports.ExtentReports.createTest(String)&amp;quot; because &amp;quot;this.extentReports&amp;quot; is null">
      <![CDATA[java.lang.NullPointerException: Cannot invoke "com.aventstack.extentreports.ExtentReports.createTest(String)" because "this.extentReports" is null
at automationCore.BasePage.getResult(BasePage.java:79)
at java.base/java.util.ArrayList.forEach(ArrayList.java:1597)
at java.base/java.util.concurrent.FutureTask.run(FutureTask.java:317)
at java.base/java.util.concurrent.ThreadPoolExecutor.runWorker(ThreadPoolExecutor.java:1144)
at java.base/java.util.concurrent.ThreadPoolExecutor$Worker.run(ThreadPoolExecutor.java:642)
at java.base/java.lang.Thread.run(Thread.java:1570)
... Removed 20 stack frames]]>
    </failure>
  </testcase> <!-- @AfterMethod getResult -->
  <testcase classname="automationCore.BasePage" name="@AfterMethod getResult" time="0.002">
    <failure type="java.lang.NullPointerException" message="Cannot invoke &amp;quot;com.aventstack.extentreports.ExtentReports.createTest(String)&amp;quot; because &amp;quot;this.extentReports&amp;quot; is null">
      <![CDATA[java.lang.NullPointerException: Cannot invoke "com.aventstack.extentreports.ExtentReports.createTest(String)" because "this.extentReports" is null
at automationCore.BasePage.getResult(BasePage.java:79)
at java.base/java.util.ArrayList.forEach(ArrayList.java:1597)
at java.base/java.util.concurrent.FutureTask.run(FutureTask.java:317)
at java.base/java.util.concurrent.ThreadPoolExecutor.runWorker(ThreadPoolExecutor.java:1144)
at java.base/java.util.concurrent.ThreadPoolExecutor$Worker.run(ThreadPoolExecutor.java:642)
at java.base/java.lang.Thread.run(Thread.java:1570)
... Removed 20 stack frames]]>
    </failure>
  </testcase> <!-- @AfterMethod getResult -->
  <testcase classname="testCases.Login" name="ValidatelogIn" time="4.612"/>
  <testcase classname="testCases.Login" name="InvalidlogIn" time="0.0">
    <skipped/>
  </testcase> <!-- InvalidlogIn -->
</testsuite> <!-- Test1 -->
