<?xml version="1.0" encoding="UTF-8"?>
<!-- Generated by org.testng.reporters.JUnitXMLReporter -->
<testsuite ignored="0" hostname="DESKTOP-U33MU1L" failures="0" tests="3" name="Test4" time="24.234" errors="0" timestamp="2024-06-21T16:19:37 IST">
  <testcase classname="projectTestCases.BrandsTestCase" name="logIn" time="3.837"/>
  <testcase classname="projectTestCases.BrandsTestCase" name="addBrands" time="8.099"/>
  <testcase classname="projectTestCases.BrandsTestCase" name="SearchCategory" time="2.173"/>
</testsuite> <!-- Test4 -->
