<?xml version="1.0" encoding="UTF-8"?>
<!-- Generated by org.testng.reporters.JUnitXMLReporter -->
<testsuite ignored="6" hostname="DESKTOP-F4KG0T8" failures="0" tests="4" name="Test" time="61.083" errors="0" timestamp="2024-07-04T01:05:35 IST">
  <testcase classname="testCases.Login" name="ValidatelogIn" time="17.85"/>
  <testcase classname="testCases.UnitTestCase" name="Add_units" time="3.674"/>
  <testcase classname="testCases.UnitTestCase" name="search_units" time="2.376"/>
  <testcase classname="testCases.UnitTestCase" name="deleteUnits" time="5.897"/>
  <testcase classname="testCases.Login" name="InvalidlogIn" time="0.0">
    <ignored/>
  </testcase> <!-- InvalidlogIn -->
  <testcase classname="automationCore.BasePage" name="@BeforeTest beforeTest" time="0.0">
    <ignored/>
  </testcase> <!-- @BeforeTest beforeTest -->
  <testcase classname="automationCore.BasePage" name="@BeforeSuite beforeSuite" time="0.0">
    <ignored/>
  </testcase> <!-- @BeforeSuite beforeSuite -->
  <testcase classname="testCases.UnitTestCase" name="logIn" time="0.0">
    <ignored/>
  </testcase> <!-- logIn -->
  <testcase classname="automationCore.BasePage" name="@AfterSuite afterSuite" time="0.0">
    <ignored/>
  </testcase> <!-- @AfterSuite afterSuite -->
  <testcase classname="automationCore.BasePage" name="@AfterTest afterTest" time="0.0">
    <ignored/>
  </testcase> <!-- @AfterTest afterTest -->
</testsuite> <!-- Test -->
