<?xml version="1.0" encoding="UTF-8"?>
<!-- Generated by org.testng.reporters.JUnitXMLReporter -->
<testsuite ignored="0" hostname="DESKTOP-F4KG0T8" failures="0" tests="4" name="Test2" time="26.2" errors="0" timestamp="2024-07-03T23:47:05 IST">
  <testcase classname="testCases.UnitTestCase" name="logIn" time="5.029"/>
  <testcase classname="testCases.UnitTestCase" name="Add_units" time="3.568"/>
  <testcase classname="testCases.UnitTestCase" name="search_units" time="2.325"/>
  <testcase classname="testCases.UnitTestCase" name="deleteUnits" time="5.829"/>
</testsuite> <!-- Test2 -->
