<?xml version="1.0" encoding="UTF-8"?>
<!-- Generated by org.testng.reporters.JUnitXMLReporter -->
<testsuite ignored="0" hostname="DESKTOP-U33MU1L" failures="0" tests="4" name="Test3" time="30.692" errors="0" timestamp="2024-06-21T16:19:13 IST">
  <testcase classname="projectTestCases.CategoryTC" name="logIn" time="2.459"/>
  <testcase classname="projectTestCases.CategoryTC" name="add_category" time="7.967"/>
  <testcase classname="projectTestCases.CategoryTC" name="SearchCategory" time="4.196"/>
  <testcase classname="projectTestCases.CategoryTC" name="deleteCategory" time="6.694"/>
</testsuite> <!-- Test3 -->
