<?xml version="1.0" encoding="UTF-8"?>
<testng-results ignored="0" total="4" passed="4" failed="0" skipped="0">
  <reporter-output>
  </reporter-output>
  <suite started-at="2024-07-04T01:04:34 IST" name="Suite" finished-at="2024-07-04T01:05:35 IST" duration-ms="61083">
    <groups>
      <group name="sequential">
        <method signature="Login.ValidatelogIn()[pri:1, instance:testCases.Login@305ffe9e]" name="ValidatelogIn" class="testCases.Login"/>
        <method signature="UnitTestCase.Add_units(java.lang.String,java.lang.String)[pri:3, instance:testCases.UnitTestCase@6f10d5b6]" name="Add_units" class="testCases.UnitTestCase"/>
        <method signature="UnitTestCase.search_units()[pri:4, instance:testCases.UnitTestCase@6f10d5b6]" name="search_units" class="testCases.UnitTestCase"/>
        <method signature="UnitTestCase.deleteUnits()[pri:5, instance:testCases.UnitTestCase@6f10d5b6]" name="deleteUnits" class="testCases.UnitTestCase"/>
      </group> <!-- sequential -->
    </groups>
    <test started-at="2024-07-04T01:04:34 IST" name="Test" finished-at="2024-07-04T01:05:35 IST" duration-ms="61083">
      <class name="testCases.UnitTestCase">
        <test-method signature="Add_units(java.lang.String,java.lang.String)[pri:3, instance:testCases.UnitTestCase@6f10d5b6]" started-at="2024-07-04T01:05:23 IST" name="Add_units" data-provider="testdata" finished-at="2024-07-04T01:05:27 IST" duration-ms="3674" status="PASS">
          <params>
            <param index="0">
              <value>
                <![CDATA[Test_unit]]>
              </value>
            </param>
            <param index="1">
              <value>
                <![CDATA[t_unit]]>
              </value>
            </param>
          </params>
          <reporter-output>
          </reporter-output>
        </test-method> <!-- Add_units -->
        <test-method signature="search_units()[pri:4, instance:testCases.UnitTestCase@6f10d5b6]" started-at="2024-07-04T01:05:27 IST" name="search_units" finished-at="2024-07-04T01:05:29 IST" duration-ms="2376" status="PASS">
          <reporter-output>
          </reporter-output>
        </test-method> <!-- search_units -->
        <test-method signature="deleteUnits()[pri:5, instance:testCases.UnitTestCase@6f10d5b6]" started-at="2024-07-04T01:05:29 IST" name="deleteUnits" finished-at="2024-07-04T01:05:35 IST" duration-ms="5897" status="PASS">
          <reporter-output>
          </reporter-output>
        </test-method> <!-- deleteUnits -->
      </class> <!-- testCases.UnitTestCase -->
      <class name="testCases.Login">
        <test-method is-config="true" signature="beforeSuite()[pri:0, instance:testCases.Login@305ffe9e]" started-at="2024-07-04T01:04:34 IST" name="beforeSuite" finished-at="2024-07-04T01:04:34 IST" duration-ms="243" status="PASS">
          <reporter-output>
          </reporter-output>
        </test-method> <!-- beforeSuite -->
        <test-method is-config="true" signature="beforeTest()[pri:0, instance:testCases.Login@305ffe9e]" started-at="2024-07-04T01:04:34 IST" name="beforeTest" finished-at="2024-07-04T01:05:05 IST" duration-ms="31069" status="PASS">
          <reporter-output>
          </reporter-output>
        </test-method> <!-- beforeTest -->
        <test-method signature="ValidatelogIn()[pri:1, instance:testCases.Login@305ffe9e]" started-at="2024-07-04T01:05:05 IST" name="ValidatelogIn" finished-at="2024-07-04T01:05:23 IST" duration-ms="17850" status="PASS">
          <reporter-output>
          </reporter-output>
        </test-method> <!-- ValidatelogIn -->
        <test-method is-config="true" signature="afterTest()[pri:0, instance:testCases.Login@305ffe9e]" started-at="2024-07-04T01:05:35 IST" name="afterTest" finished-at="2024-07-04T01:05:35 IST" duration-ms="111" status="PASS">
          <reporter-output>
          </reporter-output>
        </test-method> <!-- afterTest -->
        <test-method is-config="true" signature="afterSuite()[pri:0, instance:testCases.Login@305ffe9e]" started-at="2024-07-04T01:05:35 IST" name="afterSuite" finished-at="2024-07-04T01:05:36 IST" duration-ms="586" status="PASS">
          <reporter-output>
          </reporter-output>
        </test-method> <!-- afterSuite -->
      </class> <!-- testCases.Login -->
    </test> <!-- Test -->
  </suite> <!-- Suite -->
</testng-results>
